21.01.2026 14:46 - Info - .ses
21.01.2026 14:46 - Info - 182c8f57-db43-40fe-8c6a-352c415a3bd1.tmp
21.01.2026 14:46 - Info - 216181ba-1754-4c42-82b0-992049597db5.tmp
21.01.2026 14:46 - Info - 218b8b30-f39f-423c-a573-24fab6e85be6.tmp
21.01.2026 14:46 - Info - 24366c1c-83f3-4754-894e-59930bd2e9be.tmp
21.01.2026 14:46 - Info - 2734f509-3548-489a-a676-58a30d44672b.tmp
21.01.2026 14:46 - Info - 2b361a68-df20-420c-b943-6106e9e3a758.tmp
21.01.2026 14:46 - Info - 2ee9e1d9-8b9c-41f4-999e-2789aad42e7e.tmp
21.01.2026 14:46 - Info - 37f51496-8cfc-4ecf-bfde-420a98693320.tmp
21.01.2026 14:46 - Info - 388dad55-58fb-4747-8821-c4c22f6cec00.tmp
21.01.2026 14:46 - Info - 3a3b3f34-5e88-4a9c-9288-4d577854f5da.tmp
21.01.2026 14:46 - Info - 3ff47607-c318-468e-84ef-163e059353ce.tmp
21.01.2026 14:46 - Info - 47b0d11c-bfea-4c17-8a8f-ff2bd6c5e9c6.tmp
21.01.2026 14:46 - Info - 49d7ec1e-2db1-4a97-850e-ffa6022413f7.tmp
21.01.2026 14:46 - Info - 5181d627-e8de-4c93-9924-51e904f974c1.tmp
21.01.2026 14:46 - Info - 5440a7e1-b0b1-4375-919b-ecf6ac4666d0.tmp
21.01.2026 14:46 - Info - 68fe4b67-e9e9-48fd-a860-9f8a18bf64cf.tmp
21.01.2026 14:46 - Info - 92760ad0-79d8-4edf-b488-b358e43c599d.tmp
21.01.2026 14:46 - Info - 9b014e4d-33f1-4fa3-9ae6-98fb01997334.tmp
21.01.2026 14:46 - Info - 9bd3404d-6afe-4fd9-888a-a373327ab86d.tmp
21.01.2026 14:46 - Info - ac1688b0-f053-4ecc-a677-a0bc08467751.tmp
21.01.2026 14:46 - Info - AdobeARM.log
21.01.2026 14:46 - Info - aefcaf12-89e2-48b1-90b0-fece4e6efc3d.tmp
21.01.2026 14:46 - Info - b03c685b-816d-40e1-ab73-ad85f5c6585f.tmp
21.01.2026 14:46 - Info - b11a1d3d-c402-42c6-bb9e-840ac61b706b.tmp
21.01.2026 14:46 - Info - b389df65-e124-4b0d-b37f-dd94c57d806f.tmp
21.01.2026 14:46 - Info - b54eef23-1c96-44f3-a648-82288398558e.tmp
21.01.2026 14:46 - Info - b87188ec-a9ad-4af5-b0e6-4eaa70505723.tmp
21.01.2026 14:46 - Info - c11a96f9-d920-48f5-946d-6450b547deb1.tmp
21.01.2026 14:46 - Info - c8abe54d-b0ee-4143-95a8-c927b00369e2.tmp
21.01.2026 14:46 - Info - cb2d5249-5c1f-4101-900d-481ed8fc3348.tmp
21.01.2026 14:46 - Info - cc52bcff-db39-4f9a-b122-2f2c9a4bff90.tmp
21.01.2026 14:46 - Info - cliABC7.tmp
21.01.2026 14:46 - Info - croABC8.tmp
21.01.2026 14:46 - Info - cv_debug.log
21.01.2026 14:46 - Info - d3ba84a6-7024-455f-9c37-6ed1c3fff756.tmp
21.01.2026 14:46 - Info - d76dffdd-fde4-43d5-8b3d-dc8d3b76602a.tmp
21.01.2026 14:46 - Info - dd_BackgroundDownload_20260118175137.log
21.01.2026 14:46 - Info - dd_BackgroundDownload_20260118175137_result_Success.log
21.01.2026 14:46 - Info - dd_BackgroundDownload_20260120212123.log
21.01.2026 14:46 - Info - dd_BackgroundDownload_20260120212123_result_Success.log
21.01.2026 14:46 - Info - e38a3ad1-77ce-4415-9866-2dbdb3c89c47.tmp
21.01.2026 14:46 - Info - e92e0fdd-0ba7-4a93-a55c-20c39db89264.tmp
21.01.2026 14:46 - Info - ec641785-c9f2-496d-9460-86960dc05096.tmp
21.01.2026 14:46 - Info - ec64a4f4-b34a-4615-953e-61ec1812084a.tmp
21.01.2026 14:46 - Info - ee2fd825-f466-45bd-b9ea-6eeac33839c8.tmp
21.01.2026 14:46 - Info - f46de937-0ace-4c5c-afce-efbd8d769ba6.tmp
21.01.2026 14:46 - Info - f7a8c853-e37c-4957-a981-4ca481388abd.tmp
21.01.2026 14:46 - Info - f8b6db9b-0191-4fd2-ae29-c2888e35718e.tmp
21.01.2026 14:46 - Info - fb0b550d-1c66-4dc6-a705-438b8de89476.tmp
21.01.2026 14:46 - Info - mat-debug-16008.log
21.01.2026 14:46 - Info - mat-debug-18692.log
21.01.2026 14:46 - Info - mat-debug-24120.log
21.01.2026 14:46 - Info - mat-debug-24856.log
21.01.2026 14:46 - Info - mat-debug-25320.log
21.01.2026 14:46 - Info - mat-debug-2696.log
21.01.2026 14:46 - Info - mat-debug-28280.log
21.01.2026 14:46 - Info - mat-debug-28716.log
21.01.2026 14:46 - Info - mat-debug-28884.log
21.01.2026 14:46 - Info - mat-debug-29240.log
21.01.2026 14:46 - Info - mat-debug-30112.log
21.01.2026 14:46 - Info - mat-debug-31024.log
21.01.2026 14:46 - Info - mat-debug-32812.log
21.01.2026 14:46 - Info - mat-debug-34312.log
21.01.2026 14:46 - Info - mat-debug-34632.log
21.01.2026 14:46 - Info - mat-debug-36908.log
21.01.2026 14:46 - Info - mat-debug-3772.log
21.01.2026 14:46 - Info - mat-debug-38568.log
21.01.2026 14:46 - Info - mat-debug-40100.log
21.01.2026 14:46 - Info - mat-debug-41456.log
21.01.2026 14:46 - Info - mat-debug-41912.log
21.01.2026 14:46 - Info - mat-debug-43076.log
21.01.2026 14:46 - Info - mat-debug-47216.log
21.01.2026 14:46 - Info - mat-debug-47408.log
21.01.2026 14:46 - Info - mat-debug-50184.log
21.01.2026 14:46 - Info - mat-debug-56580.log
21.01.2026 14:46 - Info - mat-debug-60156.log
21.01.2026 14:46 - Info - mat-debug-64968.log
21.01.2026 14:46 - Info - mat-debug-6628.log
21.01.2026 14:46 - Info - mat-debug-68120.log
21.01.2026 14:46 - Info - mat-debug-68612.log
21.01.2026 14:46 - Info - mat-debug-70132.log
21.01.2026 14:46 - Info - mat-debug-73300.log
21.01.2026 14:46 - Info - mat-debug-75936.log
21.01.2026 14:46 - Info - mat-debug-77964.log
21.01.2026 14:46 - Info - mat-debug-81468.log
21.01.2026 14:46 - Info - mat-debug-83960.log
21.01.2026 14:46 - Info - mat-debug-92980.log
21.01.2026 14:46 - Info - mat-debug-94820.log
21.01.2026 14:46 - Info - oriABC6.tmp
21.01.2026 14:46 - Info - prep_bundle_js_V8_perf.cache
21.01.2026 14:46 - Info - prep_Form_JSI_API_not_a_real_file_V8_perf.cache
21.01.2026 14:46 - Info - prep_foundation_win32_bundle_V8_perf.cache
21.01.2026 14:46 - Info - prep_index_win32_bundle_V8_perf.cache
21.01.2026 14:46 - Info - prep_ui_win32_bundle_V8_perf.cache
21.01.2026 14:46 - Info - Setup Log 2026-01-14 #001.txt
21.01.2026 14:46 - Info - Setup Log 2026-01-20 #001.txt
21.01.2026 14:46 - Info - StructuredQuery.log
21.01.2026 14:46 - Info - support_list.json
21.01.2026 14:46 - Info - vminst.log
21.01.2026 14:46 - Info - vscode-inno-updater-1768424056.log
21.01.2026 14:46 - Info - vscode-inno-updater-1768943418.log
21.01.2026 14:46 - Info - wct11B8.tmp
21.01.2026 14:46 - Info - wct1D0B.tmp
21.01.2026 14:46 - Info - wct3387.tmp
21.01.2026 14:46 - Info - wct36EF.tmp
21.01.2026 14:46 - Info - wct3E48.tmp
21.01.2026 14:46 - Info - wct45DD.tmp
21.01.2026 14:46 - Info - wct50F4.tmp
21.01.2026 14:46 - Info - wct67C7.tmp
21.01.2026 14:46 - Info - wct875E.tmp
21.01.2026 14:46 - Info - wctA229.tmp
21.01.2026 14:46 - Info - wctA8DB.tmp
21.01.2026 14:46 - Info - wctAD96.tmp
21.01.2026 14:46 - Info - wctAF17.tmp
21.01.2026 14:46 - Info - wctB3E5.tmp
21.01.2026 14:46 - Info - wctBA86.tmp
21.01.2026 14:46 - Info - wctC583.tmp
21.01.2026 14:46 - Info - wctCA8.tmp
21.01.2026 14:46 - Info - wctD30B.tmp
21.01.2026 14:46 - Info - wctD979.tmp
21.01.2026 14:46 - Info - wctE62C.tmp
21.01.2026 14:46 - Info - wctE6C.tmp
21.01.2026 14:46 - Info - wctF26.tmp
21.01.2026 14:46 - Info - wctF5FB.tmp
21.01.2026 14:46 - Info - wctF88A.tmp
21.01.2026 14:46 - Info - wctF929.tmp
21.01.2026 14:46 - Info - wctF9D6.tmp
21.01.2026 14:46 - Info - {3B2C7A56-D640-47D8-B4B9-C947E4E0942D} - OProcSessId.dat
21.01.2026 14:46 - Info - {4A2D8D29-3933-4809-985F-A9F0C4955D61} - OProcSessId.dat
21.01.2026 14:46 - Info - {5D408DAC-567A-4030-BC97-8E75FA351758} - OProcSessId.dat
21.01.2026 14:46 - Info - {666D1975-D377-4D33-9940-BF58940B2DE9}.png
21.01.2026 14:46 - Info - {6C570CFF-F137-4962-88F1-26F00640E650}.png
21.01.2026 14:46 - Info - {947199B2-4D15-4EEB-B78C-CA8C734C351D}.png
21.01.2026 14:46 - Info - {9811752A-4B82-4EAA-AAE4-96A9DE5852B6} - OProcSessId.dat
21.01.2026 14:46 - Info - {A6270829-2396-4F22-87A4-2179830B0558} - OProcSessId.dat
21.01.2026 14:46 - Info - {AAFFE6E2-D51F-4164-B9AD-10A467D568BE} - OProcSessId.dat
21.01.2026 14:46 - Info - {ADD8EA77-2A84-4DEC-802A-15E00002B06D} - OProcSessId.dat
21.01.2026 14:46 - Info - {E0FFA83E-918F-4866-B573-98BF068A2FF8} - OProcSessId.dat
21.01.2026 14:46 - Info - {FE75178C-2367-41FD-BCDF-658622C037E9}.png
